build/intermediates/manifest_merge_blame_file/debug/manifest-merger-blame-debug-report.txt
1<?xml version="1.0" encoding="utf-8"?>
2<manifest xmlns:android="http://schemas.android.com/apk/res/android"
3    package="com.cornez.muhammadali.social_app"
4    android:versionCode="1"
5    android:versionName="1.0" >
6
7    <uses-sdk
8        android:minSdkVersion="19"
8-->src\main\AndroidManifest.xml
9        android:targetSdkVersion="28" />
9-->src\main\AndroidManifest.xml
10
11    <uses-permission android:name="android.permission.INTERNET" />
11-->src\main\AndroidManifest.xml:5:5-67
11-->src\main\AndroidManifest.xml:5:22-64
12    <uses-permission android:name="android.permission.READ_EXTERNAL_STORAGE" />
12-->src\main\AndroidManifest.xml:6:5-80
12-->src\main\AndroidManifest.xml:6:22-77
13    <uses-permission android:name="android.permission.WRITE_EXTERNAL_STORAGE" />
13-->src\main\AndroidManifest.xml:7:5-81
13-->src\main\AndroidManifest.xml:7:22-78
14    <uses-permission android:name="android.permission.ACCESS_NETWORK_STATE" />
14-->[com.google.firebase:firebase-measurement-connector-impl:16.0.1] AndroidManifest.xml:23:5-79
14-->[com.google.firebase:firebase-measurement-connector-impl:16.0.1] AndroidManifest.xml:23:22-76
15    <uses-permission android:name="android.permission.WAKE_LOCK" />
15-->[com.google.firebase:firebase-measurement-connector-impl:16.0.1] AndroidManifest.xml:24:5-68
15-->[com.google.firebase:firebase-measurement-connector-impl:16.0.1] AndroidManifest.xml:24:22-65
16    <uses-permission android:name="com.google.android.finsky.permission.BIND_GET_INSTALL_REFERRER_SERVICE" /> <!-- Required by older versions of Google Play services to create IID tokens -->
16-->[com.google.firebase:firebase-analytics:16.0.1] AndroidManifest.xml:26:5-110
16-->[com.google.firebase:firebase-analytics:16.0.1] AndroidManifest.xml:26:22-107
17    <uses-permission android:name="com.google.android.c2dm.permission.RECEIVE" />
17-->[com.google.firebase:firebase-iid:16.0.0] AndroidManifest.xml:26:5-82
17-->[com.google.firebase:firebase-iid:16.0.0] AndroidManifest.xml:26:22-79
18
19    <permission
19-->[com.google.firebase:firebase-iid:16.0.0] AndroidManifest.xml:28:5-30:47
20        android:name="com.cornez.muhammadali.social_app.permission.C2D_MESSAGE"
20-->[com.google.firebase:firebase-iid:16.0.0] AndroidManifest.xml:29:9-63
21        android:protectionLevel="signature" />
21-->[com.google.firebase:firebase-iid:16.0.0] AndroidManifest.xml:30:9-44
22
23    <uses-permission android:name="com.cornez.muhammadali.social_app.permission.C2D_MESSAGE" />
23-->[com.google.firebase:firebase-iid:16.0.0] AndroidManifest.xml:32:5-79
23-->[com.google.firebase:firebase-iid:16.0.0] AndroidManifest.xml:32:22-76
24
25    <application
25-->src\main\AndroidManifest.xml:9:5-31:19
26        android:allowBackup="true"
26-->src\main\AndroidManifest.xml:10:9-35
27        android:appComponentFactory="android.support.v4.app.CoreComponentFactory"
27-->[com.android.support:support-compat:28.0.0] AndroidManifest.xml:22:18-91
28        android:debuggable="true"
29        android:icon="@mipmap/ic_launcher"
29-->src\main\AndroidManifest.xml:11:9-43
30        android:label="@string/app_name"
30-->src\main\AndroidManifest.xml:12:9-41
31        android:roundIcon="@mipmap/ic_launcher_round"
31-->src\main\AndroidManifest.xml:13:9-54
32        android:supportsRtl="true"
32-->src\main\AndroidManifest.xml:14:9-35
33        android:theme="@style/AppTheme" >
33-->src\main\AndroidManifest.xml:15:9-40
34        <activity android:name="com.cornez.muhammadharis.social_app.MainActivity" />
34-->src\main\AndroidManifest.xml:16:9-85
34-->src\main\AndroidManifest.xml:16:19-82
35        <activity android:name="com.cornez.muhammadharis.social_app.Sign_up" />
35-->src\main\AndroidManifest.xml:17:9-80
35-->src\main\AndroidManifest.xml:17:19-77
36        <activity android:name="com.cornez.muhammadharis.social_app.Sign_in" >
36-->src\main\AndroidManifest.xml:18:9-24:20
36-->src\main\AndroidManifest.xml:18:19-77
37            <intent-filter>
37-->src\main\AndroidManifest.xml:19:13-23:29
38                <action android:name="android.intent.action.MAIN" />
38-->src\main\AndroidManifest.xml:20:17-69
38-->src\main\AndroidManifest.xml:20:25-66
39
40                <category android:name="android.intent.category.LAUNCHER" />
40-->src\main\AndroidManifest.xml:22:17-77
40-->src\main\AndroidManifest.xml:22:27-74
41            </intent-filter>
42        </activity>
43        <activity android:name="com.cornez.muhammadharis.social_app.setup_Account" />
43-->src\main\AndroidManifest.xml:25:9-86
43-->src\main\AndroidManifest.xml:25:19-83
44        <activity android:name="com.cornez.muhammadharis.social_app.NewPost" />
44-->src\main\AndroidManifest.xml:26:9-80
44-->src\main\AndroidManifest.xml:26:19-77
45        <activity android:name="com.cornez.muhammadharis.social_app.ClickOnPost" />
45-->src\main\AndroidManifest.xml:27:9-84
45-->src\main\AndroidManifest.xml:27:19-81
46        <activity
46-->src\main\AndroidManifest.xml:28:9-29:92
47            android:name="com.cornez.muhammadharis.social_app.Settings"
47-->src\main\AndroidManifest.xml:28:19-78
48            android:parentActivityName="com.cornez.muhammadharis.social_app.MainActivity" />
48-->src\main\AndroidManifest.xml:29:13-90
49        <activity android:name="com.cornez.muhammadharis.social_app.UserProfile" />
49-->src\main\AndroidManifest.xml:30:9-93
49-->src\main\AndroidManifest.xml:30:19-81
50        <activity
50-->[com.google.firebase:firebase-auth:16.0.1] AndroidManifest.xml:23:9-29:75
51            android:name="com.google.firebase.auth.internal.FederatedSignInActivity"
51-->[com.google.firebase:firebase-auth:16.0.1] AndroidManifest.xml:24:13-85
52            android:excludeFromRecents="true"
52-->[com.google.firebase:firebase-auth:16.0.1] AndroidManifest.xml:25:13-46
53            android:exported="true"
53-->[com.google.firebase:firebase-auth:16.0.1] AndroidManifest.xml:26:13-36
54            android:launchMode="singleInstance"
54-->[com.google.firebase:firebase-auth:16.0.1] AndroidManifest.xml:27:13-48
55            android:permission="com.google.firebase.auth.api.gms.permission.LAUNCH_FEDERATED_SIGN_IN"
55-->[com.google.firebase:firebase-auth:16.0.1] AndroidManifest.xml:28:13-102
56            android:theme="@android:style/Theme.Translucent.NoTitleBar" />
56-->[com.google.firebase:firebase-auth:16.0.1] AndroidManifest.xml:29:13-72
57
58        <service android:name="com.google.firebase.components.ComponentDiscoveryService" >
58-->[com.google.firebase:firebase-auth:16.0.1] AndroidManifest.xml:31:9-35:19
58-->[com.google.firebase:firebase-auth:16.0.1] AndroidManifest.xml:31:18-89
59            <meta-data
59-->[com.google.firebase:firebase-auth:16.0.1] AndroidManifest.xml:32:13-34:85
60                android:name="com.google.firebase.components:com.google.firebase.auth.FirebaseAuthRegistrar"
60-->[com.google.firebase:firebase-auth:16.0.1] AndroidManifest.xml:33:17-109
61                android:value="com.google.firebase.components.ComponentRegistrar" />
61-->[com.google.firebase:firebase-auth:16.0.1] AndroidManifest.xml:34:17-82
62            <meta-data
62-->[com.google.firebase:firebase-measurement-connector-impl:16.0.1] AndroidManifest.xml:28:13-30:85
63                android:name="com.google.firebase.components:com.google.firebase.analytics.connector.internal.AnalyticsConnectorRegistrar"
63-->[com.google.firebase:firebase-measurement-connector-impl:16.0.1] AndroidManifest.xml:29:17-139
64                android:value="com.google.firebase.components.ComponentRegistrar" />
64-->[com.google.firebase:firebase-measurement-connector-impl:16.0.1] AndroidManifest.xml:30:17-82
65            <meta-data
65-->[com.google.firebase:firebase-iid:16.0.0] AndroidManifest.xml:36:13-38:85
66                android:name="com.google.firebase.components:com.google.firebase.iid.Registrar"
66-->[com.google.firebase:firebase-iid:16.0.0] AndroidManifest.xml:37:17-96
67                android:value="com.google.firebase.components.ComponentRegistrar" />
67-->[com.google.firebase:firebase-iid:16.0.0] AndroidManifest.xml:38:17-82
68        </service>
69
70        <activity
70-->[com.google.android.gms:play-services-auth:16.0.0] AndroidManifest.xml:23:9-27:75
71            android:name="com.google.android.gms.auth.api.signin.internal.SignInHubActivity"
71-->[com.google.android.gms:play-services-auth:16.0.0] AndroidManifest.xml:24:13-93
72            android:excludeFromRecents="true"
72-->[com.google.android.gms:play-services-auth:16.0.0] AndroidManifest.xml:25:13-46
73            android:exported="false"
73-->[com.google.android.gms:play-services-auth:16.0.0] AndroidManifest.xml:26:13-37
74            android:theme="@android:style/Theme.Translucent.NoTitleBar" />
74-->[com.google.android.gms:play-services-auth:16.0.0] AndroidManifest.xml:27:13-72
75        <!--
76            Service handling Google Sign-In user revocation. For apps that do not integrate with
77            Google Sign-In, this service will never be started.
78        -->
79        <service
79-->[com.google.android.gms:play-services-auth:16.0.0] AndroidManifest.xml:33:9-36:110
80            android:name="com.google.android.gms.auth.api.signin.RevocationBoundService"
80-->[com.google.android.gms:play-services-auth:16.0.0] AndroidManifest.xml:34:13-89
81            android:exported="true"
81-->[com.google.android.gms:play-services-auth:16.0.0] AndroidManifest.xml:35:13-36
82            android:permission="com.google.android.gms.auth.api.signin.permission.REVOCATION_NOTIFICATION" />
82-->[com.google.android.gms:play-services-auth:16.0.0] AndroidManifest.xml:36:13-107
83
84        <provider
84-->[com.squareup.picasso:picasso:2.71828] AndroidManifest.xml:8:9-11:40
85            android:name="com.squareup.picasso.PicassoProvider"
85-->[com.squareup.picasso:picasso:2.71828] AndroidManifest.xml:9:13-64
86            android:authorities="com.cornez.muhammadali.social_app.com.squareup.picasso"
86-->[com.squareup.picasso:picasso:2.71828] AndroidManifest.xml:10:13-72
87            android:exported="false" />
87-->[com.squareup.picasso:picasso:2.71828] AndroidManifest.xml:11:13-37
88
89        <receiver
89-->[com.google.firebase:firebase-analytics:16.0.1] AndroidManifest.xml:29:9-33:20
90            android:name="com.google.android.gms.measurement.AppMeasurementReceiver"
90-->[com.google.firebase:firebase-analytics:16.0.1] AndroidManifest.xml:30:13-85
91            android:enabled="true"
91-->[com.google.firebase:firebase-analytics:16.0.1] AndroidManifest.xml:31:13-35
92            android:exported="false" >
92-->[com.google.firebase:firebase-analytics:16.0.1] AndroidManifest.xml:32:13-37
93        </receiver>
94        <receiver
94-->[com.google.firebase:firebase-analytics:16.0.1] AndroidManifest.xml:34:9-42:20
95            android:name="com.google.android.gms.measurement.AppMeasurementInstallReferrerReceiver"
95-->[com.google.firebase:firebase-analytics:16.0.1] AndroidManifest.xml:35:13-100
96            android:enabled="true"
96-->[com.google.firebase:firebase-analytics:16.0.1] AndroidManifest.xml:36:13-35
97            android:exported="true"
97-->[com.google.firebase:firebase-analytics:16.0.1] AndroidManifest.xml:37:13-36
98            android:permission="android.permission.INSTALL_PACKAGES" >
98-->[com.google.firebase:firebase-analytics:16.0.1] AndroidManifest.xml:38:13-69
99            <intent-filter>
99-->[com.google.firebase:firebase-analytics:16.0.1] AndroidManifest.xml:39:13-41:29
100                <action android:name="com.android.vending.INSTALL_REFERRER" />
100-->[com.google.firebase:firebase-analytics:16.0.1] AndroidManifest.xml:40:17-79
100-->[com.google.firebase:firebase-analytics:16.0.1] AndroidManifest.xml:40:25-76
101            </intent-filter>
102        </receiver>
103
104        <service
104-->[com.google.firebase:firebase-analytics:16.0.1] AndroidManifest.xml:44:9-47:40
105            android:name="com.google.android.gms.measurement.AppMeasurementService"
105-->[com.google.firebase:firebase-analytics:16.0.1] AndroidManifest.xml:45:13-84
106            android:enabled="true"
106-->[com.google.firebase:firebase-analytics:16.0.1] AndroidManifest.xml:46:13-35
107            android:exported="false" />
107-->[com.google.firebase:firebase-analytics:16.0.1] AndroidManifest.xml:47:13-37
108        <service
108-->[com.google.firebase:firebase-analytics:16.0.1] AndroidManifest.xml:48:9-52:72
109            android:name="com.google.android.gms.measurement.AppMeasurementJobService"
109-->[com.google.firebase:firebase-analytics:16.0.1] AndroidManifest.xml:49:13-87
110            android:enabled="true"
110-->[com.google.firebase:firebase-analytics:16.0.1] AndroidManifest.xml:50:13-35
111            android:exported="false"
111-->[com.google.firebase:firebase-analytics:16.0.1] AndroidManifest.xml:51:13-37
112            android:permission="android.permission.BIND_JOB_SERVICE" />
112-->[com.google.firebase:firebase-analytics:16.0.1] AndroidManifest.xml:52:13-69
113
114        <receiver
114-->[com.google.firebase:firebase-iid:16.0.0] AndroidManifest.xml:41:9-50:20
115            android:name="com.google.firebase.iid.FirebaseInstanceIdReceiver"
115-->[com.google.firebase:firebase-iid:16.0.0] AndroidManifest.xml:42:13-78
116            android:exported="true"
116-->[com.google.firebase:firebase-iid:16.0.0] AndroidManifest.xml:43:13-36
117            android:permission="com.google.android.c2dm.permission.SEND" >
117-->[com.google.firebase:firebase-iid:16.0.0] AndroidManifest.xml:44:13-73
118            <intent-filter>
118-->[com.google.firebase:firebase-iid:16.0.0] AndroidManifest.xml:45:13-49:29
119                <action android:name="com.google.android.c2dm.intent.RECEIVE" />
119-->[com.google.firebase:firebase-iid:16.0.0] AndroidManifest.xml:46:17-81
119-->[com.google.firebase:firebase-iid:16.0.0] AndroidManifest.xml:46:25-78
120
121                <category android:name="com.cornez.muhammadali.social_app" />
121-->[com.google.firebase:firebase-iid:16.0.0] AndroidManifest.xml:48:17-61
121-->[com.google.firebase:firebase-iid:16.0.0] AndroidManifest.xml:48:27-58
122            </intent-filter>
123        </receiver>
124        <!--
125             FirebaseInstanceIdService performs security checks at runtime,
126             no need for explicit permissions despite exported="true"
127        -->
128        <service
128-->[com.google.firebase:firebase-iid:16.0.0] AndroidManifest.xml:56:9-62:19
129            android:name="com.google.firebase.iid.FirebaseInstanceIdService"
129-->[com.google.firebase:firebase-iid:16.0.0] AndroidManifest.xml:57:13-77
130            android:exported="true" >
130-->[com.google.firebase:firebase-iid:16.0.0] AndroidManifest.xml:58:13-36
131            <intent-filter android:priority="-500" >
131-->[com.google.firebase:firebase-iid:16.0.0] AndroidManifest.xml:59:13-61:29
131-->[com.google.firebase:firebase-iid:16.0.0] AndroidManifest.xml:59:28-51
132                <action android:name="com.google.firebase.INSTANCE_ID_EVENT" />
132-->[com.google.firebase:firebase-iid:16.0.0] AndroidManifest.xml:60:17-80
132-->[com.google.firebase:firebase-iid:16.0.0] AndroidManifest.xml:60:25-77
133            </intent-filter>
134        </service>
135
136        <activity
136-->[com.google.android.gms:play-services-base:15.0.1] AndroidManifest.xml:23:9-26:75
137            android:name="com.google.android.gms.common.api.GoogleApiActivity"
137-->[com.google.android.gms:play-services-base:15.0.1] AndroidManifest.xml:24:13-79
138            android:exported="false"
138-->[com.google.android.gms:play-services-base:15.0.1] AndroidManifest.xml:25:13-37
139            android:theme="@android:style/Theme.Translucent.NoTitleBar" />
139-->[com.google.android.gms:play-services-base:15.0.1] AndroidManifest.xml:26:13-72
140
141        <provider
141-->[com.google.firebase:firebase-common:16.0.0] AndroidManifest.xml:9:9-13:39
142            android:name="com.google.firebase.provider.FirebaseInitProvider"
142-->[com.google.firebase:firebase-common:16.0.0] AndroidManifest.xml:10:13-77
143            android:authorities="com.cornez.muhammadali.social_app.firebaseinitprovider"
143-->[com.google.firebase:firebase-common:16.0.0] AndroidManifest.xml:11:13-72
144            android:exported="false"
144-->[com.google.firebase:firebase-common:16.0.0] AndroidManifest.xml:12:13-37
145            android:initOrder="100" />
145-->[com.google.firebase:firebase-common:16.0.0] AndroidManifest.xml:13:13-36
146
147        <meta-data
147-->[com.google.android.gms:play-services-basement:15.0.1] AndroidManifest.xml:23:9-25:69
148            android:name="com.google.android.gms.version"
148-->[com.google.android.gms:play-services-basement:15.0.1] AndroidManifest.xml:24:13-58
149            android:value="@integer/google_play_services_version" />
149-->[com.google.android.gms:play-services-basement:15.0.1] AndroidManifest.xml:25:13-66
150    </application>
151
152</manifest>